Removed Pin From Net: NetName=NetJP1_2 Pin=Q1-2
Removed Pin From Net: NetName=NetJP1_2 Pin=Q1-2
Removed Pin From Net: NetName=NetJP1_2 Pin=TB1-19
Removed Pin From Net: NetName=NetJP1_2 Pin=TB1-20
Removed Pin From Net: NetName=NetJP1_2 Pin=TP1-TP1
Removed Pin From Net: NetName=NetJP1_2 Pin=TP2-TP1
Removed Pin From Net: NetName=NetJP1_2 Pin=TP3-TP1
Removed Pin From Net: NetName=NetJP1_2 Pin=TP4-TP1
Removed Member From Class: ClassName=Sheet1 Member=TP1
Removed Member From Class: ClassName=Sheet1 Member=TP2
Removed Member From Class: ClassName=Sheet1 Member=TP3
Removed Member From Class: ClassName=Sheet1 Member=TP4
Change Component Designator: OldDesignator=R3 NewDesignator=R5
Change Component Designator: OldDesignator=R4 NewDesignator=R6
Change component parameters: Designator = "R1" ("R1"); Footprint = "R1/4W"; UniqueID = "\MLFDDZTX" ("\MLFDDZTX")
Change component parameters (AddParameter): Name = "Class"; Value = "Passive"; VariantName = "[No Variations]"
Change component parameters (AddParameter): Name = "Manufacturer"; Value = "Generic Components"; VariantName = "[No Variations]"
Change component parameters (AddParameter): Name = "Published"; Value = "08/06/2000"; VariantName = "[No Variations]"
Change component parameters (AddParameter): Name = "Publisher"; Value = "Altium Hobart Technology Centre"; VariantName = "[No Variations]"
Change component parameters (AddParameter): Name = "SubClass"; Value = "Resistor"; VariantName = "[No Variations]"
Change component parameters (AddParameter): Name = "Value"; Value = "100R"; VariantName = "[No Variations]"
Change component parameters: Designator = "R2" ("R2"); Footprint = "R1/4W"; UniqueID = "\FIJXPHSX" ("\FIJXPHSX")
Change component parameters (AddParameter): Name = "Class"; Value = "Passive"; VariantName = "[No Variations]"
Change component parameters (AddParameter): Name = "Manufacturer"; Value = "Generic Components"; VariantName = "[No Variations]"
Change component parameters (AddParameter): Name = "Published"; Value = "08/06/2000"; VariantName = "[No Variations]"
Change component parameters (AddParameter): Name = "Publisher"; Value = "Altium Hobart Technology Centre"; VariantName = "[No Variations]"
Change component parameters (AddParameter): Name = "SubClass"; Value = "Resistor"; VariantName = "[No Variations]"
Change component parameters (AddParameter): Name = "Value"; Value = "330R"; VariantName = "[No Variations]"
Change component parameters: Designator = "R3" ("R5"); Footprint = "R1/4W"; UniqueID = "\MKBFHUXF" ("\MKBFHUXF")
Change component parameters (AddParameter): Name = "Class"; Value = "Passive"; VariantName = "[No Variations]"
Change component parameters (AddParameter): Name = "Manufacturer"; Value = "Generic Components"; VariantName = "[No Variations]"
Change component parameters (AddParameter): Name = "Published"; Value = "08/06/2000"; VariantName = "[No Variations]"
Change component parameters (AddParameter): Name = "Publisher"; Value = "Altium Hobart Technology Centre"; VariantName = "[No Variations]"
Change component parameters (AddParameter): Name = "SubClass"; Value = "Resistor"; VariantName = "[No Variations]"
Change component parameters (AddParameter): Name = "Value"; Value = "10K"; VariantName = "[No Variations]"
Change component parameters: Designator = "R4" ("R6"); Footprint = "R1/4W"; UniqueID = "\APMARVNQ" ("\APMARVNQ")
Change component parameters (AddParameter): Name = "Class"; Value = "Passive"; VariantName = "[No Variations]"
Change component parameters (AddParameter): Name = "Manufacturer"; Value = "Generic Components"; VariantName = "[No Variations]"
Change component parameters (AddParameter): Name = "Published"; Value = "08/06/2000"; VariantName = "[No Variations]"
Change component parameters (AddParameter): Name = "Publisher"; Value = "Altium Hobart Technology Centre"; VariantName = "[No Variations]"
Change component parameters (AddParameter): Name = "SubClass"; Value = "Resistor"; VariantName = "[No Variations]"
Change component parameters (AddParameter): Name = "Value"; Value = "330R"; VariantName = "[No Variations]"
Added Pin To Net: NetName=GND Pin=Q1-2
Added Pin To Net: NetName=GND Pin=Q1-2
Added Pin To Net: NetName=NetR3_1 Pin=TB1-20
Added Net: Name=NetR3_1
Added Member To Class: ClassName=Sheet1 Member=Component R5 Res1
Added Member To Class: ClassName=Sheet1 Member=Component R6 Res1
Added Room: Name=Sheet1
