Change Component Designator: OldDesignator=LCD? NewDesignator=LCD1
Change Component Designator: OldDesignator=LED? NewDesignator=LED1
Change Component Designator: OldDesignator=Q? NewDesignator=Q1
Change Component Designator: OldDesignator=R46 NewDesignator=R1
Change Component Designator: OldDesignator=R46 NewDesignator=R4
Change Component Designator: OldDesignator=R47 NewDesignator=R2
Change Component Designator: OldDesignator=R48 NewDesignator=R3
Change Component Designator: OldDesignator=TB? NewDesignator=TB1
Change Component Designator: OldDesignator=TP? NewDesignator=TP1
Added Component: Designator=TP2(TP)
Added Component: Designator=TP3(TP)
Added Component: Designator=TP4(TP)
Added Pin To Net: NetName=NetJP1_2 Pin=Q1-2
Added Pin To Net: NetName=NetJP1_2 Pin=Q1-2
Added Pin To Net: NetName=NetJP1_2 Pin=TB1-20
Added Pin To Net: NetName=NetJP1_2 Pin=TP1-TP1
Added Pin To Net: NetName=NetJP1_2 Pin=TP2-TP1
Added Pin To Net: NetName=NetJP1_2 Pin=TP3-TP1
Added Pin To Net: NetName=NetJP1_2 Pin=TP4-TP1
Change Net Name : Old Net Name=NetLCD?_2 New Net Name=NetLCD1_2
Change Net Name : Old Net Name=NetLCD?_3 New Net Name=NetLCD1_3
Change Net Name : Old Net Name=NetLCD?_4 New Net Name=NetLCD1_4
Change Net Name : Old Net Name=NetLCD?_6 New Net Name=NetLCD1_6
Change Net Name : Old Net Name=NetLCD?_11 New Net Name=NetLCD1_11
Change Net Name : Old Net Name=NetLCD?_12 New Net Name=NetLCD1_12
Change Net Name : Old Net Name=NetLCD?_13 New Net Name=NetLCD1_13
Change Net Name : Old Net Name=NetLCD?_14 New Net Name=NetLCD1_14
Change Net Name : Old Net Name=NetLCD?_15 New Net Name=NetLCD1_15
Change Net Name : Old Net Name=NetLED?_1 New Net Name=NetLED1_1
Change Net Name : Old Net Name=NetQ?_1 New Net Name=NetQ1_1
Change Net Name : Old Net Name=NetR47_2 New Net Name=NetR2_2
Added Member To Class: ClassName=Sheet1 Member=Component R1 Res1
Added Member To Class: ClassName=Sheet1 Member=Component TP2 1
Added Member To Class: ClassName=Sheet1 Member=Component TP3 1
Added Member To Class: ClassName=Sheet1 Member=Component TP4 1
Added Room: Name=Sheet1
